<?xml version="1.0" encoding="UTF-8"?>
<testng-results ignored="0" total="1" passed="1" failed="0" skipped="0">
  <reporter-output>
  </reporter-output>
  <suite started-at="2019-12-12T17:43:56 IST" name="Default suite" finished-at="2019-12-12T17:43:56 IST" duration-ms="44">
    <groups>
    </groups>
    <test started-at="2019-12-12T17:43:56 IST" name="Default test" finished-at="2019-12-12T17:43:56 IST" duration-ms="44">
      <class name="example.NewTest">
        <test-method is-config="true" signature="beforeTest()[pri:0, instance:example.NewTest@1189dd52]" started-at="2019-12-12T17:43:56 IST" name="beforeTest" finished-at="2019-12-12T17:43:56 IST" duration-ms="10" status="PASS">
          <reporter-output>
          </reporter-output>
        </test-method> <!-- beforeTest -->
        <test-method signature="f()[pri:0, instance:example.NewTest@1189dd52]" started-at="2019-12-12T17:43:56 IST" name="f" finished-at="2019-12-12T17:43:56 IST" duration-ms="4" status="PASS">
          <reporter-output>
          </reporter-output>
        </test-method> <!-- f -->
        <test-method is-config="true" signature="afterTest()[pri:0, instance:example.NewTest@1189dd52]" started-at="2019-12-12T17:43:56 IST" name="afterTest" finished-at="2019-12-12T17:43:56 IST" duration-ms="0" status="PASS">
          <reporter-output>
          </reporter-output>
        </test-method> <!-- afterTest -->
      </class> <!-- example.NewTest -->
    </test> <!-- Default test -->
  </suite> <!-- Default suite -->
</testng-results>
